c:\users\thang\onedrive\documents\visual studio 2015\projects\mfctreeview\mfctreeview\debug\mfctreeview.pch
c:\users\thang\onedrive\documents\visual studio 2015\projects\mfctreeview\mfctreeview\debug\vc140.pdb
c:\users\thang\onedrive\documents\visual studio 2015\projects\mfctreeview\mfctreeview\debug\vc140.idb
c:\users\thang\onedrive\documents\visual studio 2015\projects\mfctreeview\mfctreeview\debug\stdafx.obj
c:\users\thang\onedrive\documents\visual studio 2015\projects\mfctreeview\mfctreeview\debug\adoconnection.obj
c:\users\thang\onedrive\documents\visual studio 2015\projects\mfctreeview\mfctreeview\debug\bkav.obj
c:\users\thang\onedrive\documents\visual studio 2015\projects\mfctreeview\mfctreeview\debug\mfctreeview.obj
c:\users\thang\onedrive\documents\visual studio 2015\projects\mfctreeview\mfctreeview\debug\mfctreeviewdlg.obj
c:\users\thang\onedrive\documents\visual studio 2015\projects\mfctreeview\mfctreeview\debug\nhanvien.obj
c:\users\thang\onedrive\documents\visual studio 2015\projects\mfctreeview\mfctreeview\debug\phongban.obj
c:\users\thang\onedrive\documents\visual studio 2015\projects\mfctreeview\mfctreeview\debug\suapb.obj
c:\users\thang\onedrive\documents\visual studio 2015\projects\mfctreeview\mfctreeview\debug\themnv.obj
c:\users\thang\onedrive\documents\visual studio 2015\projects\mfctreeview\mfctreeview\debug\thempb.obj
c:\users\thang\onedrive\documents\visual studio 2015\projects\mfctreeview\debug\mfctreeview.ilk
c:\users\thang\onedrive\documents\visual studio 2015\projects\mfctreeview\debug\mfctreeview.exe
c:\users\thang\onedrive\documents\visual studio 2015\projects\mfctreeview\debug\mfctreeview.pdb
c:\users\thang\onedrive\documents\visual studio 2015\projects\mfctreeview\mfctreeview\debug\mfctreeview.res
c:\users\thang\onedrive\documents\visual studio 2015\projects\mfctreeview\mfctreeview\debug\msado15.tli
c:\users\thang\onedrive\documents\visual studio 2015\projects\mfctreeview\mfctreeview\debug\msado15.tlh
c:\users\thang\onedrive\documents\visual studio 2015\projects\mfctreeview\mfctreeview\debug\mfctreeview.tlog\cl.command.1.tlog
c:\users\thang\onedrive\documents\visual studio 2015\projects\mfctreeview\mfctreeview\debug\mfctreeview.tlog\cl.read.1.tlog
c:\users\thang\onedrive\documents\visual studio 2015\projects\mfctreeview\mfctreeview\debug\mfctreeview.tlog\cl.write.1.tlog
c:\users\thang\onedrive\documents\visual studio 2015\projects\mfctreeview\mfctreeview\debug\mfctreeview.tlog\link.command.1.tlog
c:\users\thang\onedrive\documents\visual studio 2015\projects\mfctreeview\mfctreeview\debug\mfctreeview.tlog\link.read.1.tlog
c:\users\thang\onedrive\documents\visual studio 2015\projects\mfctreeview\mfctreeview\debug\mfctreeview.tlog\link.write.1.tlog
c:\users\thang\onedrive\documents\visual studio 2015\projects\mfctreeview\mfctreeview\debug\mfctreeview.tlog\rc.command.1.tlog
c:\users\thang\onedrive\documents\visual studio 2015\projects\mfctreeview\mfctreeview\debug\mfctreeview.tlog\rc.read.1.tlog
c:\users\thang\onedrive\documents\visual studio 2015\projects\mfctreeview\mfctreeview\debug\mfctreeview.tlog\rc.write.1.tlog
